=== start series=碎星海仙侠志 episodes=100 ===
===== #1/100 潮生剑 submit =====
submit: {"jobId": "j172825295dk7zn", "quotaRemaining": -1, "stage": "script", "status": "running"}
  [poll 1] status=running stage=image_poll detail=正在绘制整页漫画…
=== start series=碎星海仙侠志 episodes=100 ===
===== #1/100 潮生剑 submit =====
submit: {"jobId": "j1728564po3pmp4", "quotaRemaining": -1, "stage": "script", "status": "running"}
  [poll 1] status=running stage=image_poll detail=正在绘制整页漫画…
  [poll 2] status=running stage=image_poll detail=正在绘制整页漫画…
  [poll 3] status=running stage=image_poll detail=正在绘制整页漫画…
  [poll 4] status=running stage=image_poll detail=正在绘制整页漫画…
  [poll 5] status=running stage=image_poll detail=正在绘制整页漫画…
  [poll 6] status=done stage=done detail=生成完成
DONE #1 碎星海上，年轻剑修阿潮捡到一把被浪磨亮的 https://comic-static.43music.vip/comics/oCnJ43R9f4b-QlFXR3Jo_HOU2xM0/j1728564po3
===== #2/100 灯鱼渡 submit =====
submit: {"jobId": "j17293922alq9nj", "quotaRemaining": -1, "stage": "script", "status": "running"}
  [poll 1] status=running stage=image_poll detail=正在绘制整页漫画…
  [poll 2] status=running stage=image_poll detail=正在绘制整页漫画…
  [poll 3] status=running stage=image_poll detail=正在绘制整页漫画…
  [poll 4] status=running stage=image_poll detail=正在绘制整页漫画…
  [poll 5] status=running stage=image_poll detail=正在绘制整页漫画…
  [poll 6] status=done stage=done detail=生成完成
DONE #2 迷雾渔岛上，采药人小筠误入灯鱼群，灯鱼只 https://comic-static.43music.vip/comics/oCnJ43R9f4b-QlFXR3Jo_HOU2xM0/j17293922al
===== #3/100 石约 submit =====
submit: {"jobId": "j173022gqepg1q5", "quotaRemaining": -1, "stage": "script", "status": "running"}
  [poll 1] status=running stage=image_poll detail=正在绘制整页漫画…
  [poll 2] status=running stage=image_poll detail=正在绘制整页漫画…
  [poll 3] status=running stage=image_poll detail=正在绘制整页漫画…
  [poll 4] status=running stage=image_poll detail=正在绘制整页漫画…
  [poll 5] status=running stage=image_poll detail=正在绘制整页漫画…
  [poll 6] status=running stage=image_poll detail=正在绘制整页漫画…
  [poll 7] status=done stage=done detail=生成完成
DONE #3 悬衡宗外门弟子石行看守禁碑，碑上刻着「不 https://comic-static.43music.vip/comics/oCnJ43R9f4b-QlFXR3Jo_HOU2xM0/j173022gqep
===== #4/100 鹤不归 submit =====
submit: {"jobId": "j173113fnw2apx9", "quotaRemaining": -1, "stage": "script", "status": "running"}
  [poll 1] status=running stage=image_poll detail=正在绘制整页漫画…
  [poll 2] status=running stage=image_poll detail=正在绘制整页漫画…
  [poll 3] status=running stage=image_poll detail=正在绘制整页漫画…
  [poll 4] status=running stage=image_poll detail=正在绘制整页漫画…
  [poll 5] status=running stage=image_poll detail=正在绘制整页漫画…
  [poll 6] status=done stage=done detail=生成完成
DONE #4 老散修白翁养通灵白鹤，每年清明飞回碎星海 https://comic-static.43music.vip/comics/oCnJ43R9f4b-QlFXR3Jo_HOU2xM0/j173113fnw2
===== #5/100 雨市换骨 submit =====
submit: {"jobId": "j173155om7ctyof", "quotaRemaining": -1, "stage": "script", "status": "running"}
  [poll 1] status=running stage=image_poll detail=正在绘制整页漫画…
  [poll 2] status=running stage=image_poll detail=正在绘制整页漫画…
  [poll 3] status=running stage=image_poll detail=正在绘制整页漫画…
  [poll 4] status=running stage=image_poll detail=正在绘制整页漫画…
  [poll 5] status=running stage=image_poll detail=正在绘制整页漫画…
  [poll 6] status=done stage=done detail=生成完成
DONE #5 碎星海雨市只在暴雨时开摊，买卖「一日之命 https://comic-static.43music.vip/comics/oCnJ43R9f4b-QlFXR3Jo_HOU2xM0/j173155om7c
===== #6/100 潮灯寨 submit =====
submit: {"jobId": "j1732382948wgzp", "quotaRemaining": -1, "stage": "script", "status": "running"}
  [poll 1] status=running stage=image_poll detail=正在绘制整页漫画…
  [poll 2] status=running stage=image_poll detail=正在绘制整页漫画…
  [poll 3] status=running stage=image_poll detail=正在绘制整页漫画…
  [poll 4] status=running stage=image_poll detail=正在绘制整页漫画…
  [poll 5] status=running stage=image_poll detail=正在绘制整页漫画…
  [poll 6] status=done stage=done detail=生成完成
DONE #6 潮灯寨每夜点燃百盏蚌灯指路。少年阿杰发现 https://comic-static.43music.vip/comics/oCnJ43R9f4b-QlFXR3Jo_HOU2xM0/j1732382948
===== #7/100 盐骨渡 submit =====
submit: {"jobId": "j173321qbe2vqk6", "quotaRemaining": -1, "stage": "script", "status": "running"}
  [poll 1] status=running stage=image_poll detail=正在绘制整页漫画…
  [poll 2] status=running stage=image_poll detail=正在绘制整页漫画…
  [poll 3] status=running stage=image_poll detail=正在绘制整页漫画…
  [poll 4] status=running stage=image_poll detail=正在绘制整页漫画…
  [poll 5] status=running stage=image_poll detail=正在绘制整页漫画…
  [poll 6] status=done stage=done detail=生成完成
DONE #7 盐客阿禾背盐过盐骨渡，渡口鬼修索「过路魂 https://comic-static.43music.vip/comics/oCnJ43R9f4b-QlFXR3Jo_HOU2xM0/j173321qbe2
===== #8/100 星汐债 submit =====
submit: {"jobId": "j17340429z5u8zt", "quotaRemaining": -1, "stage": "script", "status": "running"}
  [poll 1] status=running stage=image_poll detail=正在绘制整页漫画…
  [poll 2] status=running stage=image_poll detail=正在绘制整页漫画…
  [poll 3] status=running stage=image_poll detail=正在绘制整页漫画…
  [poll 4] status=running stage=image_poll detail=正在绘制整页漫画…
  [poll 5] status=running stage=image_poll detail=正在绘制整页漫画…
  [poll 6] status=done stage=done detail=生成完成
DONE #8 赌徒陆沉欠赤烬教一笔星汐债，期限到夜。他 https://comic-static.43music.vip/comics/oCnJ43R9f4b-QlFXR3Jo_HOU2xM0/j17340429z5
===== #9/100 雾港刀 submit =====
submit: {"jobId": "j17344670qlr9pl", "quotaRemaining": -1, "stage": "script", "status": "running"}
  [poll 1] status=running stage=image_poll detail=正在绘制整页漫画…
  [poll 2] status=running stage=image_poll detail=正在绘制整页漫画…
  [poll 3] status=running stage=image_poll detail=正在绘制整页漫画…
  [poll 4] status=running stage=image_poll detail=正在绘制整页漫画…
  [poll 5] status=running stage=image_poll detail=正在绘制整页漫画…
  [poll 6] status=running stage=archive detail=绘制完成，正在归档…
  [poll 7] status=done stage=done detail=生成完成
DONE #9 雾港铸刀匠把女儿的乳名铸进刀柄。刀被海盗 https://comic-static.43music.vip/comics/oCnJ43R9f4b-QlFXR3Jo_HOU2xM0/j17344670ql
===== #10/100 海祠狸 submit =====
submit: {"jobId": "j173538ki4jgcmy", "quotaRemaining": -1, "stage": "script", "status": "running"}
  [poll 1] status=running stage=image_poll detail=正在绘制整页漫画…
  [poll 2] status=running stage=image_poll detail=正在绘制整页漫画…
  [poll 3] status=running stage=image_poll detail=正在绘制整页漫画…
  [poll 4] status=running stage=image_poll detail=正在绘制整页漫画…
  [poll 5] status=running stage=image_poll detail=正在绘制整页漫画…
  [poll 6] status=running stage=image_poll detail=正在绘制整页漫画…
  [poll 7] status=done stage=done detail=生成完成
DONE #10 小岛海祠里住着一只报恩狸妖，每逢渔季替渔 https://comic-static.43music.vip/comics/oCnJ43R9f4b-QlFXR3Jo_HOU2xM0/j173538ki4j
=== progress ok=10 fail=0 skip=0 processed=10 ===
===== #11/100 折帆夜 submit =====
submit: {"jobId": "j17362934wqoo3w", "quotaRemaining": -1, "stage": "script", "status": "running"}
  [poll 1] status=running stage=image_poll detail=正在绘制整页漫画…
  [poll 2] status=running stage=image_poll detail=正在绘制整页漫画…
  [poll 3] status=running stage=image_poll detail=正在绘制整页漫画…
  [poll 4] status=running stage=image_poll detail=正在绘制整页漫画…
  [poll 5] status=running stage=image_poll detail=正在绘制整页漫画…
  [poll 6] status=done stage=done detail=生成完成
DONE #11 商船折帆困在暗礁。账房先生阿算不会水，却 https://comic-static.43music.vip/comics/oCnJ43R9f4b-QlFXR3Jo_HOU2xM0/j17362934wq
===== #12/100 礁心琴 submit =====
submit: {"jobId": "j173712msqubn6a", "quotaRemaining": -1, "stage": "script", "status": "running"}
  [poll 1] status=running stage=image_poll detail=正在绘制整页漫画…
  [poll 2] status=running stage=image_poll detail=正在绘制整页漫画…
  [poll 3] status=running stage=image_poll detail=正在绘制整页漫画…
  [poll 4] status=running stage=image_poll detail=正在绘制整页漫画…
  [poll 5] status=running stage=image_poll detail=正在绘制整页漫画…
  [poll 6] status=running stage=archive detail=绘制完成，正在归档…
  [poll 7] status=done stage=done detail=生成完成
DONE #12 盲琴师在礁心洞中弹琴，星汐随音聚散。赤烬 https://comic-static.43music.vip/comics/oCnJ43R9f4b-QlFXR3Jo_HOU2xM0/j173712msqu
===== #13/100 悬衡雨 submit =====
submit: {"jobId": "j173804gko5m30u", "quotaRemaining": -1, "stage": "script", "status": "running"}
  [poll 1] status=running stage=image_poll detail=正在绘制整页漫画…
  [poll 2] status=running stage=image_poll detail=正在绘制整页漫画…
  [poll 3] status=running stage=image_poll detail=正在绘制整页漫画…
  [poll 4] status=running stage=image_poll detail=正在绘制整页漫画…
  [poll 5] status=running stage=image_poll detail=正在绘制整页漫画…
  [poll 6] status=done stage=done detail=生成完成
DONE #13 外门弟子在悬衡雨中跑腿送信，雨点会拷问心 https://comic-static.43music.vip/comics/oCnJ43R9f4b-QlFXR3Jo_HOU2xM0/j173804gko5
===== #14/100 赤烬契 submit =====
submit: {"jobId": "j173847f5t0jtpk", "quotaRemaining": -1, "stage": "script", "status": "running"}
  [poll 1] status=running stage=image_poll detail=正在绘制整页漫画…
  [poll 2] status=running stage=image_poll detail=正在绘制整页漫画…
  [poll 3] status=running stage=image_poll detail=正在绘制整页漫画…
  [poll 4] status=running stage=image_poll detail=正在绘制整页漫画…
  [poll 5] status=running stage=image_poll detail=正在绘制整页漫画…
  [poll 6] status=running stage=image_poll detail=正在绘制整页漫画…
  [poll 7] status=done stage=done detail=生成完成
DONE #14 少年误签赤烬契，指尖出现燃纹。老仆用自己 https://comic-static.43music.vip/comics/oCnJ43R9f4b-QlFXR3Jo_HOU2xM0/j173847f5t0
===== #15/100 采星人 submit =====
submit: {"jobId": "j173937r68eyerl", "quotaRemaining": -1, "stage": "script", "status": "running"}
  [poll 1] status=running stage=image_poll detail=正在绘制整页漫画…
  [poll 2] status=running stage=image_poll detail=正在绘制整页漫画…
  [poll 3] status=running stage=image_poll detail=正在绘制整页漫画…
  [poll 4] status=running stage=image_poll detail=正在绘制整页漫画…
  [poll 5] status=running stage=image_poll detail=正在绘制整页漫画…
  [poll 6] status=running stage=image_poll detail=正在绘制整页漫画…
  [poll 7] status=done stage=done detail=生成完成
DONE #15 采星人夜里用竹竿捞落星，卖给散修。这夜他 https://comic-static.43music.vip/comics/oCnJ43R9f4b-QlFXR3Jo_HOU2xM0/j173937r68e
===== #16/100 潮音寺 submit =====
submit: {"jobId": "j174028l6xcf9uy", "quotaRemaining": -1, "stage": "script", "status": "running"}
  [poll 1] status=running stage=image_poll detail=正在绘制整页漫画…
  [poll 2] status=running stage=image_poll detail=正在绘制整页漫画…
  [poll 3] status=running stage=image_poll detail=正在绘制整页漫画…
  [poll 4] status=running stage=image_poll detail=正在绘制整页漫画…
  [poll 5] status=running stage=image_poll detail=正在绘制整页漫画…
  [poll 6] status=done stage=done detail=生成完成
DONE #16 潮音寺钟声能安抚暴走灵兽。小沙弥撞钟时漏 https://comic-static.43music.vip/comics/oCnJ43R9f4b-QlFXR3Jo_HOU2xM0/j174028l6xc
===== #17/100 沉香舟 submit =====
submit: {"jobId": "j174111dgrg8lx4", "quotaRemaining": -1, "stage": "script", "status": "running"}
  [poll 1] status=running stage=image_poll detail=正在绘制整页漫画…
  [poll 2] status=running stage=image_poll detail=正在绘制整页漫画…
  [poll 3] status=running stage=image_poll detail=正在绘制整页漫画…
  [poll 4] status=running stage=image_poll detail=正在绘制整页漫画…
  [poll 5] status=running stage=archive detail=绘制完成，正在归档…
  [poll 6] status=done stage=done detail=生成完成
DONE #17 沉香舟载着病修去药屿，船底漏香。船娘用自 https://comic-static.43music.vip/comics/oCnJ43R9f4b-QlFXR3Jo_HOU2xM0/j174111dgrg
===== #18/100 碑下猫 submit =====
submit: {"jobId": "j174154xhykr5q7", "quotaRemaining": -1, "stage": "script", "status": "running"}
  [poll 1] status=running stage=image_poll detail=正在绘制整页漫画…
  [poll 2] status=running stage=image_poll detail=正在绘制整页漫画…
  [poll 3] status=running stage=image_poll detail=正在绘制整页漫画…
  [poll 4] status=running stage=image_poll detail=正在绘制整页漫画…
  [poll 5] status=running stage=image_poll detail=正在绘制整页漫画…
  [poll 6] status=done stage=done detail=生成完成
DONE #18 禁碑下卧着一只石猫，摸它头可问一事。书生 https://comic-static.43music.vip/comics/oCnJ43R9f4b-QlFXR3Jo_HOU2xM0/j174154xhyk
===== #19/100 墨潮卷 submit =====
submit: {"jobId": "j174237ngz8c4bx", "quotaRemaining": -1, "stage": "script", "status": "running"}
  [poll 1] status=running stage=image_poll detail=正在绘制整页漫画…
  [poll 2] status=running stage=image_poll detail=正在绘制整页漫画…
  [poll 3] status=running stage=image_poll detail=正在绘制整页漫画…
  [poll 4] status=running stage=image_poll detail=正在绘制整页漫画…
  [poll 5] status=running stage=image_poll detail=正在绘制整页漫画…
  [poll 6] status=done stage=done detail=生成完成
DONE #19 画师画碎星海，画中潮水真的漫出纸面。他忙 https://comic-static.43music.vip/comics/oCnJ43R9f4b-QlFXR3Jo_HOU2xM0/j174237ngz8
===== #20/100 梭鱼信 submit =====
submit: {"jobId": "j17432042pg6cie", "quotaRemaining": -1, "stage": "script", "status": "running"}
  [poll 1] status=running stage=image_poll detail=正在绘制整页漫画…
  [poll 2] status=running stage=image_poll detail=正在绘制整页漫画…
  [poll 3] status=running stage=image_poll detail=正在绘制整页漫画…
  [poll 4] status=running stage=image_poll detail=正在绘制整页漫画…
  [poll 5] status=running stage=image_poll detail=正在绘制整页漫画…
  [poll 6] status=done stage=done detail=生成完成
DONE #20 恋人隔海，托梭鱼传信。梭鱼被赤烬教截走， https://comic-static.43music.vip/comics/oCnJ43R9f4b-QlFXR3Jo_HOU2xM0/j17432042pg
=== progress ok=20 fail=0 skip=0 processed=20 ===
===== #21/100 晒盐女 submit =====
submit: {"jobId": "j1744023ehrt4az", "quotaRemaining": -1, "stage": "script", "status": "running"}
  [poll 1] status=running stage=image_poll detail=正在绘制整页漫画…
  [poll 2] status=running stage=image_poll detail=正在绘制整页漫画…
  [poll 3] status=running stage=image_poll detail=正在绘制整页漫画…
  [poll 4] status=running stage=image_poll detail=正在绘制整页漫画…
  [poll 5] status=running stage=image_poll detail=正在绘制整页漫画…
  [poll 6] status=done stage=done detail=生成完成
DONE #21 晒盐女发现盐田里长出透明花，摘下可照见人 https://comic-static.43music.vip/comics/oCnJ43R9f4b-QlFXR3Jo_HOU2xM0/j1744023ehr
===== #22/100 夜渔火 submit =====
submit: {"jobId": "j174445yvmty901", "quotaRemaining": -1, "stage": "script", "status": "running"}
  [poll 1] status=running stage=image_poll detail=正在绘制整页漫画…
  [poll 2] status=running stage=image_poll detail=正在绘制整页漫画…
  [poll 3] status=running stage=image_poll detail=正在绘制整页漫画…
  [poll 4] status=running stage=image_poll detail=正在绘制整页漫画…
  [poll 5] status=running stage=image_poll detail=正在绘制整页漫画…
  [poll 6] status=done stage=done detail=生成完成
DONE #22 夜渔人点火诱鱼，火中跳出火灵求「灭我一次 https://comic-static.43music.vip/comics/oCnJ43R9f4b-QlFXR3Jo_HOU2xM0/j174445yvmt
===== #23/100 龟背路 submit =====
submit: {"jobId": "j174528ncwl5q7c", "quotaRemaining": -1, "stage": "script", "status": "running"}
  [poll 1] status=running stage=image_poll detail=正在绘制整页漫画…
  [poll 2] status=running stage=image_poll detail=正在绘制整页漫画…
  [poll 3] status=running stage=image_poll detail=正在绘制整页漫画…
  [poll 4] status=running stage=image_poll detail=正在绘制整页漫画…
  [poll 5] status=running stage=image_poll detail=正在绘制整页漫画…
  [poll 6] status=done stage=done detail=生成完成
DONE #23 巨龟每隔十年浮出碎星海当桥。赶路的母女迟 https://comic-static.43music.vip/comics/oCnJ43R9f4b-QlFXR3Jo_HOU2xM0/j174528ncwl
===== #24/100 风铎阵 submit =====
submit: {"jobId": "j174610hzvznbg9", "quotaRemaining": -1, "stage": "script", "status": "running"}
  [poll 1] status=running stage=image_poll detail=正在绘制整页漫画…
  [poll 2] status=running stage=image_poll detail=正在绘制整页漫画…
  [poll 3] status=running stage=image_poll detail=正在绘制整页漫画…
  [poll 4] status=running stage=image_poll detail=正在绘制整页漫画…
  [poll 5] status=running stage=image_poll detail=正在绘制整页漫画…
  [poll 6] status=done stage=done detail=生成完成
DONE #24 山门风铎乱鸣示警。弟子以为大敌，冲出去却 https://comic-static.43music.vip/comics/oCnJ43R9f4b-QlFXR3Jo_HOU2xM0/j174610hzvz
===== #25/100 雪荼瓶 submit =====
submit: {"jobId": "j17465388c83cmy", "quotaRemaining": -1, "stage": "script", "status": "running"}
  [poll 1] status=running stage=image_poll detail=正在绘制整页漫画…
  [poll 2] status=running stage=image_poll detail=正在绘制整页漫画…
  [poll 3] status=running stage=image_poll detail=正在绘制整页漫画…
  [poll 4] status=running stage=image_poll detail=正在绘制整页漫画…
  [poll 5] status=running stage=image_poll detail=正在绘制整页漫画…
  [poll 6] status=done stage=done detail=生成完成
DONE #25 药瓶雪荼能冻住毒性半日。游医把最后的雪荼 https://comic-static.43music.vip/comics/oCnJ43R9f4b-QlFXR3Jo_HOU2xM0/j17465388c8
===== #26/100 竹筏咒 submit =====
submit: {"jobId": "j174736uanqv8h6", "quotaRemaining": -1, "stage": "script", "status": "running"}
  [poll 1] status=running stage=image_poll detail=正在绘制整页漫画…
  [poll 2] status=running stage=image_poll detail=正在绘制整页漫画…
  [poll 3] status=running stage=image_poll detail=正在绘制整页漫画…
  [poll 4] status=running stage=image_poll detail=正在绘制整页漫画…
  [poll 5] status=running stage=archive detail=绘制完成，正在归档…
  [poll 6] status=done stage=done detail=生成完成
DONE #26 竹筏被下坠沉咒，越划越低。筏上书生把科举 https://comic-static.43music.vip/comics/oCnJ43R9f4b-QlFXR3Jo_HOU2xM0/j174736uanq
===== #27/100 影修袖 submit =====
submit: {"jobId": "j174819bun3s3xe", "quotaRemaining": -1, "stage": "script", "status": "running"}
  [poll 1] status=running stage=image_poll detail=正在绘制整页漫画…
  [poll 2] status=running stage=image_poll detail=正在绘制整页漫画…
  [poll 3] status=running stage=image_poll detail=正在绘制整页漫画…
  [poll 4] status=running stage=image_poll detail=正在绘制整页漫画…
  [poll 5] status=running stage=image_poll detail=正在绘制整页漫画…
  [poll 6] status=done stage=done detail=生成完成
DONE #27 影修能藏人于袖。逃生时袖中挤满村民，他袖 https://comic-static.43music.vip/comics/oCnJ43R9f4b-QlFXR3Jo_HOU2xM0/j174819bun3
===== #28/100 苔灯桥 submit =====
submit: {"jobId": "j1749026vtrtnee", "quotaRemaining": -1, "stage": "script", "status": "running"}
  [poll 1] status=running stage=image_poll detail=正在绘制整页漫画…
  [poll 2] status=running stage=image_poll detail=正在绘制整页漫画…
  [poll 3] status=running stage=image_poll detail=正在绘制整页漫画…
  [poll 4] status=running stage=image_poll detail=正在绘制整页漫画…
  [poll 5] status=running stage=image_poll detail=正在绘制整页漫画…
  [poll 6] status=done stage=done detail=生成完成
DONE #28 古桥苔藓会发光，照见过桥人谎言。官差逼供 https://comic-static.43music.vip/comics/oCnJ43R9f4b-QlFXR3Jo_HOU2xM0/j1749026vtr
===== #29/100 霜牙谷 submit =====
submit: {"jobId": "j1749448v9orq0t", "quotaRemaining": -1, "stage": "script", "status": "running"}
  [poll 1] status=running stage=image_poll detail=正在绘制整页漫画…
  [poll 2] status=running stage=image_poll detail=正在绘制整页漫画…
  [poll 3] status=running stage=image_poll detail=正在绘制整页漫画…
  [poll 4] status=running stage=image_poll detail=正在绘制整页漫画…
  [poll 5] status=running stage=image_poll detail=正在绘制整页漫画…
  [poll 6] status=done stage=done detail=生成完成
DONE #29 霜牙谷灵狼护着受伤的猎户一夜。猎户醒来把 https://comic-static.43music.vip/comics/oCnJ43R9f4b-QlFXR3Jo_HOU2xM0/j1749448v9o
===== #30/100 船钉谣 submit =====
submit: {"jobId": "j175027qpdzha20", "quotaRemaining": -1, "stage": "script", "status": "running"}
  [poll 1] status=running stage=image_poll detail=正在绘制整页漫画…
  [poll 2] status=running stage=image_poll detail=正在绘制整页漫画…
  [poll 3] status=running stage=image_poll detail=正在绘制整页漫画…
  [poll 4] status=running stage=image_poll detail=正在绘制整页漫画…
  [poll 5] status=running stage=image_poll detail=正在绘制整页漫画…
  [poll 6] status=running stage=image_poll detail=正在绘制整页漫画…
  [poll 7] status=running stage=image_poll detail=正在绘制整页漫画…
  [poll 8] status=running stage=image_poll detail=正在绘制整页漫画…
  [poll 9] status=running stage=image_poll detail=正在绘制整页漫画…
  [poll 10] status=running stage=image_poll detail=正在绘制整页漫画…
  [poll 11] status=running stage=image_poll detail=正在绘制整页漫画…
  [poll 12] status=running stage=image_poll detail=正在绘制整页漫画…
  [poll 13] status=running stage=image_poll detail=正在绘制整页漫画…
  [poll 14] status=running stage=image_poll detail=正在绘制整页漫画…
  [poll 15] status=running stage=image_poll detail=正在绘制整页漫画…
  [poll 16] status=done stage=done detail=生成完成
DONE #30 修船女哼船钉谣，钉子便钉得稳。海盗强迫她 https://comic-static.43music.vip/comics/oCnJ43R9f4b-QlFXR3Jo_HOU2xM0/j175027qpdz
=== progress ok=30 fail=0 skip=0 processed=30 ===
===== #31/100 月蚀杯 submit =====
submit: {"jobId": "j175232ecia60pk", "quotaRemaining": -1, "stage": "script", "status": "running"}
  [poll 1] status=running stage=image_poll detail=正在绘制整页漫画…
  [poll 2] status=running stage=image_poll detail=正在绘制整页漫画…
  [poll 3] status=running stage=image_poll detail=正在绘制整页漫画…
  [poll 4] status=running stage=image_poll detail=正在绘制整页漫画…
  [poll 5] status=running stage=image_poll detail=正在绘制整页漫画…
  [poll 6] status=done stage=done detail=生成完成
DONE #31 月蚀时饮月蚀杯可梦见未来一刻。将军梦见自 https://comic-static.43music.vip/comics/oCnJ43R9f4b-QlFXR3Jo_HOU2xM0/j175232ecia
===== #32/100 茧海丝 submit =====
submit: {"jobId": "j175315egzi90s6", "quotaRemaining": -1, "stage": "script", "status": "running"}
  [poll 1] status=running stage=image_poll detail=正在绘制整页漫画…
  [poll 2] status=running stage=image_poll detail=正在绘制整页漫画…
  [poll 3] status=running stage=image_poll detail=正在绘制整页漫画…
  [poll 4] status=running stage=image_poll detail=正在绘制整页漫画…
  [poll 5] status=running stage=image_poll detail=正在绘制整页漫画…
  [poll 6] status=done stage=done detail=生成完成
DONE #32 海茧抽出的丝能续命一日。织娘把丝全织成襁 https://comic-static.43music.vip/comics/oCnJ43R9f4b-QlFXR3Jo_HOU2xM0/j175315egzi
===== #33/100 镜潮馆 submit =====
submit: {"jobId": "j175358c8dwvbp6", "quotaRemaining": -1, "stage": "script", "status": "running"}
  [poll 1] status=running stage=image_poll detail=正在绘制整页漫画…
  [poll 2] status=running stage=image_poll detail=正在绘制整页漫画…
  [poll 3] status=running stage=image_poll detail=正在绘制整页漫画…
  [poll 4] status=running stage=image_poll detail=正在绘制整页漫画…
  [poll 5] status=running stage=image_poll detail=正在绘制整页漫画…
  [poll 6] status=done stage=done detail=生成完成
DONE #33 镜潮馆每面镜子映不同年龄的自己。少年盯着 https://comic-static.43music.vip/comics/oCnJ43R9f4b-QlFXR3Jo_HOU2xM0/j175358c8dw
===== #34/100 粮舟祭 submit =====
submit: {"jobId": "j175441pj3co3ap", "quotaRemaining": -1, "stage": "script", "status": "running"}
  [poll 1] status=running stage=image_poll detail=正在绘制整页漫画…
  [poll 2] status=running stage=image_poll detail=正在绘制整页漫画…
  [poll 3] status=running stage=image_poll detail=正在绘制整页漫画…
  [poll 4] status=running stage=image_poll detail=正在绘制整页漫画…
  [poll 5] status=running stage=image_poll detail=正在绘制整页漫画…
  [poll 6] status=done stage=done detail=生成完成
DONE #34 饥年运粮舟要祭一人。大家都推新人。新人自 https://comic-static.43music.vip/comics/oCnJ43R9f4b-QlFXR3Jo_HOU2xM0/j175441pj3c
===== #35/100 砂漏心 submit =====
submit: {"jobId": "j175524avtyztoo", "quotaRemaining": -1, "stage": "script", "status": "running"}
  [poll 1] status=running stage=image_poll detail=正在绘制整页漫画…
  [poll 2] status=running stage=image_poll detail=正在绘制整页漫画…
  [poll 3] status=running stage=image_poll detail=正在绘制整页漫画…
  [poll 4] status=running stage=image_poll detail=正在绘制整页漫画…
  [poll 5] status=running stage=archive detail=绘制完成，正在归档…
  [poll 6] status=done stage=done detail=生成完成
DONE #35 砂漏心能把痛苦延后。寡妇连开三枚砂漏，痛 https://comic-static.43music.vip/comics/oCnJ43R9f4b-QlFXR3Jo_HOU2xM0/j175524avty
===== #36/100 羽贼 submit =====
submit: {"jobId": "j175607gyugw99t", "quotaRemaining": -1, "stage": "script", "status": "running"}
  [poll 1] status=running stage=image_poll detail=正在绘制整页漫画…
  [poll 2] status=running stage=image_poll detail=正在绘制整页漫画…
  [poll 3] status=running stage=image_poll detail=正在绘制整页漫画…
  [poll 4] status=running stage=image_poll detail=正在绘制整页漫画…
  [poll 5] status=running stage=image_poll detail=正在绘制整页漫画…
  [poll 6] status=done stage=done detail=生成完成
DONE #36 羽贼专偷灵禽尾羽卖钱。最后一次他偷白鹤羽 https://comic-static.43music.vip/comics/oCnJ43R9f4b-QlFXR3Jo_HOU2xM0/j175607gyug
===== #37/100 井龙歇 submit =====
submit: {"jobId": "j175650n0holu7y", "quotaRemaining": -1, "stage": "script", "status": "running"}
  [poll 1] status=running stage=image_poll detail=正在绘制整页漫画…
  [poll 2] status=running stage=image_poll detail=正在绘制整页漫画…
  [poll 3] status=running stage=image_poll detail=正在绘制整页漫画…
  [poll 4] status=running stage=image_poll detail=正在绘制整页漫画…
  [poll 5] status=running stage=image_poll detail=正在绘制整页漫画…
  [poll 6] status=running stage=archive detail=绘制完成，正在归档…
  [poll 7] status=done stage=done detail=生成完成
DONE #37 古井龙一年来一次歇息，讨一口干净水。村人 https://comic-static.43music.vip/comics/oCnJ43R9f4b-QlFXR3Jo_HOU2xM0/j175650n0ho
===== #38/100 哭灯塔 submit =====
submit: {"jobId": "j175741llyve7nh", "quotaRemaining": -1, "stage": "script", "status": "running"}
  [poll 1] status=running stage=image_poll detail=正在绘制整页漫画…
  [poll 2] status=running stage=image_poll detail=正在绘制整页漫画…
  [poll 3] status=running stage=image_poll detail=正在绘制整页漫画…
  [poll 4] status=running stage=image_poll detail=正在绘制整页漫画…
  [poll 5] status=running stage=image_poll detail=正在绘制整页漫画…
  [poll 6] status=done stage=done detail=生成完成
DONE #38 灯塔点火人死了，继任者不会点。他坐在塔里 https://comic-static.43music.vip/comics/oCnJ43R9f4b-QlFXR3Jo_HOU2xM0/j175741llyv
===== #39/100 贝壳讼 submit =====
submit: {"jobId": "j1758249qxxfi2w", "quotaRemaining": -1, "stage": "script", "status": "running"}
  [poll 1] status=running stage=image_poll detail=正在绘制整页漫画…
  [poll 2] status=running stage=image_poll detail=正在绘制整页漫画…
  [poll 3] status=running stage=image_poll detail=正在绘制整页漫画…
  [poll 4] status=running stage=image_poll detail=正在绘制整页漫画…
  [poll 5] status=running stage=image_poll detail=正在绘制整页漫画…
  [poll 6] status=done stage=done detail=生成完成
DONE #39 两家争一只巨贝产权。县令把贝放回海：活物 https://comic-static.43music.vip/comics/oCnJ43R9f4b-QlFXR3Jo_HOU2xM0/j1758249qxx
===== #40/100 赤绳渡 submit =====
submit: {"jobId": "j175907vbt7t0vy", "quotaRemaining": -1, "stage": "script", "status": "running"}
  [poll 1] status=running stage=image_poll detail=正在绘制整页漫画…
  [poll 2] status=running stage=image_poll detail=正在绘制整页漫画…
  [poll 3] status=running stage=image_poll detail=正在绘制整页漫画…
  [poll 4] status=running stage=image_poll detail=正在绘制整页漫画…
  [poll 5] status=running stage=image_poll detail=正在绘制整页漫画…
  [poll 6] status=done stage=done detail=生成完成
DONE #40 月老分馆开在碎星海，卖红绳。姑娘买绳想绑 https://comic-static.43music.vip/comics/oCnJ43R9f4b-QlFXR3Jo_HOU2xM0/j175907vbt7
=== progress ok=40 fail=0 skip=0 processed=40 ===
===== #41/100 炭笔仙 submit =====
submit: {"jobId": "j1759496tl0uqg3", "quotaRemaining": -1, "stage": "script", "status": "running"}
  [poll 1] status=running stage=image_poll detail=正在绘制整页漫画…
  [poll 2] status=running stage=image_poll detail=正在绘制整页漫画…
  [poll 3] status=running stage=image_poll detail=正在绘制整页漫画…
  [poll 4] status=running stage=image_poll detail=正在绘制整页漫画…
  [poll 5] status=running stage=image_poll detail=正在绘制整页漫画…
  [poll 6] status=running stage=image_poll detail=正在绘制整页漫画…
  [poll 7] status=done stage=done detail=生成完成
DONE #41 穷画童用炭笔在沙滩画仙鹤，鹤影飞起驱散海 https://comic-static.43music.vip/comics/oCnJ43R9f4b-QlFXR3Jo_HOU2xM0/j1759496tl0
===== #42/100 听潮蜗 submit =====
submit: {"jobId": "j180040h8v98187", "quotaRemaining": -1, "stage": "script", "status": "running"}
  [poll 1] status=running stage=image_poll detail=正在绘制整页漫画…
  [poll 2] status=running stage=image_poll detail=正在绘制整页漫画…
  [poll 3] status=running stage=image_poll detail=正在绘制整页漫画…
  [poll 4] status=running stage=image_poll detail=正在绘制整页漫画…
  [poll 5] status=running stage=image_poll detail=正在绘制整页漫画…
  [poll 6] status=done stage=done detail=生成完成
DONE #42 听潮蜗可贴耳听远方亲人。士兵听见表妹嫁人 https://comic-static.43music.vip/comics/oCnJ43R9f4b-QlFXR3Jo_HOU2xM0/j180040h8v9
===== #43/100 秤海人 submit =====
submit: {"jobId": "j180123kqej9ui9", "quotaRemaining": -1, "stage": "script", "status": "running"}
  [poll 1] status=running stage=image_poll detail=正在绘制整页漫画…
  [poll 2] status=running stage=image_poll detail=正在绘制整页漫画…
  [poll 3] status=running stage=image_poll detail=正在绘制整页漫画…
  [poll 4] status=running stage=image_poll detail=正在绘制整页漫画…
  [poll 5] status=running stage=image_poll detail=正在绘制整页漫画…
  [poll 6] status=running stage=image_poll detail=正在绘制整页漫画…
  [poll 7] status=done stage=done detail=生成完成
DONE #43 商人用灵魂秤称货，短一两扣一份命。伙计偷 https://comic-static.43music.vip/comics/oCnJ43R9f4b-QlFXR3Jo_HOU2xM0/j180123kqej
===== #44/100 忘川匙 submit =====
submit: {"jobId": "j1802147v2unytx", "quotaRemaining": -1, "stage": "script", "status": "running"}
  [poll 1] status=running stage=image_poll detail=正在绘制整页漫画…
  [poll 2] status=running stage=image_poll detail=正在绘制整页漫画…
  [poll 3] status=running stage=image_poll detail=正在绘制整页漫画…
  [poll 4] status=running stage=image_poll detail=正在绘制整页漫画…
  [poll 5] status=running stage=image_poll detail=正在绘制整页漫画…
  [poll 6] status=done stage=done detail=生成完成
DONE #44 忘川匙能开遗忘之门。母亲想忘掉丧子之痛， https://comic-static.43music.vip/comics/oCnJ43R9f4b-QlFXR3Jo_HOU2xM0/j1802147v2u
===== #45/100 浪里衙 submit =====
submit: {"jobId": "j180256bkjcfo48", "quotaRemaining": -1, "stage": "script", "status": "running"}
  [poll 1] status=running stage=image_poll detail=正在绘制整页漫画…
  [poll 2] status=running stage=image_poll detail=正在绘制整页漫画…
  [poll 3] status=running stage=image_poll detail=正在绘制整页漫画…
  [poll 4] status=running stage=image_poll detail=正在绘制整页漫画…
  [poll 5] status=running stage=image_poll detail=正在绘制整页漫画…
  [poll 6] status=done stage=done detail=生成完成
DONE #45 浪里衙审讯落水冤魂。书生替冤魂作证，自己 https://comic-static.43music.vip/comics/oCnJ43R9f4b-QlFXR3Jo_HOU2xM0/j180256bkjc
===== #46/100 青花罩 submit =====
submit: {"jobId": "j180339hdti20zj", "quotaRemaining": -1, "stage": "script", "status": "running"}
  [poll 1] status=running stage=image_poll detail=正在绘制整页漫画…
  [poll 2] status=running stage=image_poll detail=正在绘制整页漫画…
  [poll 3] status=running stage=image_poll detail=正在绘制整页漫画…
  [poll 4] status=running stage=image_poll detail=正在绘制整页漫画…
  [poll 5] status=running stage=image_poll detail=正在绘制整页漫画…
  [poll 6] status=running stage=image_poll detail=正在绘制整页漫画…
  [poll 7] status=running stage=image_poll detail=正在绘制整页漫画…
  [poll 8] status=done stage=done detail=生成完成
DONE #46 瓶妖青花罩保护主人家不受邪侵。主人要把它 https://comic-static.43music.vip/comics/oCnJ43R9f4b-QlFXR3Jo_HOU2xM0/j180339hdti
===== #47/100 寄居蟹 submit =====
submit: {"jobId": "j180438i7o5lebq", "quotaRemaining": -1, "stage": "script", "status": "running"}
  [poll 1] status=running stage=image_poll detail=正在绘制整页漫画…
  [poll 2] status=running stage=image_poll detail=正在绘制整页漫画…
  [poll 3] status=running stage=image_poll detail=正在绘制整页漫画…
  [poll 4] status=running stage=image_poll detail=正在绘制整页漫画…
  [poll 5] status=running stage=image_poll detail=正在绘制整页漫画…
  [poll 6] status=running stage=image_poll detail=正在绘制整页漫画…
  [poll 7] status=done stage=done detail=生成完成
DONE #47 修士把神识寄居蟹壳逃亡。蟹想回潮间带，修 https://comic-static.43music.vip/comics/oCnJ43R9f4b-QlFXR3Jo_HOU2xM0/j180438i7o5
===== #48/100 晒月光 submit =====
submit: {"jobId": "j180529yl0wfhgj", "quotaRemaining": -1, "stage": "script", "status": "running"}
  [poll 1] status=running stage=image_poll detail=正在绘制整页漫画…
  [poll 2] status=running stage=image_poll detail=正在绘制整页漫画…
  [poll 3] status=running stage=image_poll detail=正在绘制整页漫画…
  [poll 4] status=running stage=image_poll detail=正在绘制整页漫画…
  [poll 5] status=running stage=image_poll detail=正在绘制整页漫画…
  [poll 6] status=running stage=image_poll detail=正在绘制整页漫画…
  [poll 7] status=done stage=done detail=生成完成
DONE #48 村女把湿衣晒在月光里，衣服沾月华能避瘟。 https://comic-static.43music.vip/comics/oCnJ43R9f4b-QlFXR3Jo_HOU2xM0/j180529yl0w
===== #49/100 绳梯崖 submit =====
submit: {"jobId": "j18062043li5aq9", "quotaRemaining": -1, "stage": "script", "status": "running"}
  [poll 1] status=running stage=image_poll detail=正在绘制整页漫画…
  [poll 2] status=running stage=image_poll detail=正在绘制整页漫画…
  [poll 3] status=running stage=image_poll detail=正在绘制整页漫画…
  [poll 4] status=running stage=image_poll detail=正在绘制整页漫画…
  [poll 5] status=running stage=image_poll detail=正在绘制整页漫画…
  [poll 6] status=done stage=done detail=生成完成
DONE #49 断崖绳梯只允「心轻者」攀。背着金币的客商 https://comic-static.43music.vip/comics/oCnJ43R9f4b-QlFXR3Jo_HOU2xM0/j18062043li
===== #50/100 雾笛 submit =====
submit: {"jobId": "j180702gwiw7xvx", "quotaRemaining": -1, "stage": "script", "status": "running"}
  [poll 1] status=running stage=image_poll detail=正在绘制整页漫画…
  [poll 2] status=running stage=image_poll detail=正在绘制整页漫画…
  [poll 3] status=running stage=image_poll detail=正在绘制整页漫画…
  [poll 4] status=running stage=image_poll detail=正在绘制整页漫画…
  [poll 5] status=running stage=image_poll detail=正在绘制整页漫画…
  [poll 6] status=running stage=archive detail=绘制完成，正在归档…
  [poll 7] status=done stage=done detail=生成完成
DONE #50 雾笛一吹，迷航者聚拢。笛手吹到肺伤，仍不 https://comic-static.43music.vip/comics/oCnJ43R9f4b-QlFXR3Jo_HOU2xM0/j180702gwiw
=== progress ok=50 fail=0 skip=0 processed=50 ===
===== #51/100 偷年贼 submit =====
submit: {"jobId": "j180754peg6j5zz", "quotaRemaining": -1, "stage": "script", "status": "running"}
  [poll 1] status=running stage=image_poll detail=正在绘制整页漫画…
  [poll 2] status=running stage=image_poll detail=正在绘制整页漫画…
  [poll 3] status=running stage=image_poll detail=正在绘制整页漫画…
  [poll 4] status=running stage=image_poll detail=正在绘制整页漫画…
  [poll 5] status=running stage=image_poll detail=正在绘制整页漫画…
  [poll 6] status=done stage=done detail=生成完成
DONE #51 偷年贼偷别人的未来一年去续命。最后他偷到 https://comic-static.43music.vip/comics/oCnJ43R9f4b-QlFXR3Jo_HOU2xM0/j180754peg6
===== #52/100 铁线莲 submit =====
submit: {"jobId": "j1808379jqgsz8r", "quotaRemaining": -1, "stage": "script", "status": "running"}
  [poll 1] status=running stage=image_poll detail=正在绘制整页漫画…
  [poll 2] status=running stage=image_poll detail=正在绘制整页漫画…
  [poll 3] status=running stage=image_poll detail=正在绘制整页漫画…
  [poll 4] status=running stage=image_poll detail=正在绘制整页漫画…
  [poll 5] status=running stage=image_poll detail=正在绘制整页漫画…
  [poll 6] status=done stage=done detail=生成完成
DONE #52 铁线莲缠住走火入魔者，逼他冷静。族人要剪 https://comic-static.43music.vip/comics/oCnJ43R9f4b-QlFXR3Jo_HOU2xM0/j1808379jqg
===== #53/100 哑鼓 submit =====
submit: {"jobId": "j180920wdfblw6e", "quotaRemaining": -1, "stage": "script", "status": "running"}
  [poll 1] status=running stage=image_poll detail=正在绘制整页漫画…
  [poll 2] status=running stage=image_poll detail=正在绘制整页漫画…
  [poll 3] status=running stage=image_poll detail=正在绘制整页漫画…
  [poll 4] status=running stage=image_poll detail=正在绘制整页漫画…
  [poll 5] status=running stage=image_poll detail=正在绘制整页漫画…
  [poll 6] status=done stage=done detail=生成完成
DONE #53 战鼓破了变哑鼓，敲无声。鼓手改用手语指挥 https://comic-static.43music.vip/comics/oCnJ43R9f4b-QlFXR3Jo_HOU2xM0/j180920wdfb
===== #54/100 退潮书 submit =====
submit: {"jobId": "j181003n1jnwiok", "quotaRemaining": -1, "stage": "script", "status": "running"}
  [poll 1] status=running stage=image_poll detail=正在绘制整页漫画…
  [poll 2] status=running stage=image_poll detail=正在绘制整页漫画…
  [poll 3] status=running stage=image_poll detail=正在绘制整页漫画…
  [poll 4] status=running stage=image_poll detail=正在绘制整页漫画…
  [poll 5] status=running stage=image_poll detail=正在绘制整页漫画…
  [poll 6] status=done stage=done detail=生成完成
DONE #54 退潮时沙滩显字，写着谁家有难。渔民按字去 https://comic-static.43music.vip/comics/oCnJ43R9f4b-QlFXR3Jo_HOU2xM0/j181003n1jn
===== #55/100 骨笛阵 submit =====
submit: {"jobId": "j1810461jli86o3", "quotaRemaining": -1, "stage": "script", "status": "running"}
  [poll 1] status=running stage=image_poll detail=正在绘制整页漫画…
  [poll 2] status=running stage=image_poll detail=正在绘制整页漫画…
  [poll 3] status=running stage=image_poll detail=正在绘制整页漫画…
  [poll 4] status=running stage=image_poll detail=正在绘制整页漫画…
  [poll 5] status=done stage=done detail=生成完成
DONE #55 骨笛阵能召唤亡者回忆而非亡者本身。寡妇吹 https://comic-static.43music.vip/comics/oCnJ43R9f4b-QlFXR3Jo_HOU2xM0/j1810461jli
===== #56/100 青萍舟 submit =====
submit: {"jobId": "j181121fh992puv", "quotaRemaining": -1, "stage": "script", "status": "running"}
  [poll 1] status=running stage=image_poll detail=正在绘制整页漫画…
  [poll 2] status=running stage=image_poll detail=正在绘制整页漫画…
  [poll 3] status=running stage=image_poll detail=正在绘制整页漫画…
  [poll 4] status=running stage=image_poll detail=正在绘制整页漫画…
  [poll 5] status=running stage=image_poll detail=正在绘制整页漫画…
  [poll 6] status=done stage=done detail=生成完成
DONE #56 一片青萍当舟，载蚂蚁过河。书生见了把硕大 https://comic-static.43music.vip/comics/oCnJ43R9f4b-QlFXR3Jo_HOU2xM0/j181121fh99
===== #57/100 锁魂灯 submit =====
submit: {"jobId": "j181204a3jvak5v", "quotaRemaining": -1, "stage": "script", "status": "running"}
  [poll 1] status=running stage=image_poll detail=正在绘制整页漫画…
  [poll 2] status=running stage=image_poll detail=正在绘制整页漫画…
  [poll 3] status=running stage=image_poll detail=正在绘制整页漫画…
  [poll 4] status=running stage=image_poll detail=正在绘制整页漫画…
  [poll 5] status=running stage=image_poll detail=正在绘制整页漫画…
  [poll 6] status=running stage=archive detail=绘制完成，正在归档…
  [poll 7] status=done stage=done detail=生成完成
DONE #57 锁魂灯锁住害怕的人魂，使人听话。小厮打碎 https://comic-static.43music.vip/comics/oCnJ43R9f4b-QlFXR3Jo_HOU2xM0/j181204a3jv
===== #58/100 藤桥誓 submit =====
submit: {"jobId": "j181255gf47tz3s", "quotaRemaining": -1, "stage": "script", "status": "running"}
  [poll 1] status=running stage=image_poll detail=正在绘制整页漫画…
  [poll 2] status=running stage=image_poll detail=正在绘制整页漫画…
  [poll 3] status=running stage=image_poll detail=正在绘制整页漫画…
  [poll 4] status=running stage=image_poll detail=正在绘制整页漫画…
  [poll 5] status=running stage=image_poll detail=正在绘制整页漫画…
  [poll 6] status=done stage=done detail=生成完成
DONE #58 两村仇杀，藤桥是唯一相连。孩子在桥上玩， https://comic-static.43music.vip/comics/oCnJ43R9f4b-QlFXR3Jo_HOU2xM0/j181255gf47
===== #59/100 冰蚕被 submit =====
submit: {"jobId": "j181338nkcitah4", "quotaRemaining": -1, "stage": "script", "status": "running"}
  [poll 1] status=running stage=image_poll detail=正在绘制整页漫画…
  [poll 2] status=running stage=image_poll detail=正在绘制整页漫画…
  [poll 3] status=running stage=image_poll detail=正在绘制整页漫画…
  [poll 4] status=running stage=image_poll detail=正在绘制整页漫画…
  [poll 5] status=running stage=image_poll detail=正在绘制整页漫画…
  [poll 6] status=done stage=done detail=生成完成
DONE #59 冰蚕被能退高热。医者把自己的被给了疫村， https://comic-static.43music.vip/comics/oCnJ43R9f4b-QlFXR3Jo_HOU2xM0/j181338nkci
===== #60/100 渔火讼 submit =====
submit: {"jobId": "j1814204hhy0cyz", "quotaRemaining": -1, "stage": "script", "status": "running"}
  [poll 1] status=running stage=image_poll detail=正在绘制整页漫画…
  [poll 2] status=running stage=image_poll detail=正在绘制整页漫画…
  [poll 3] status=running stage=image_poll detail=正在绘制整页漫画…
  [poll 4] status=running stage=image_poll detail=正在绘制整页漫画…
  [poll 5] status=running stage=image_poll detail=正在绘制整页漫画…
  [poll 6] status=done stage=done detail=生成完成
DONE #60 两船争渔火航道打官司。判官令两船同夜熄火 https://comic-static.43music.vip/comics/oCnJ43R9f4b-QlFXR3Jo_HOU2xM0/j1814204hhy
=== progress ok=60 fail=0 skip=0 processed=60 ===
===== #61/100 星屑粥 submit =====
submit: {"jobId": "j181503uxk1ynm9", "quotaRemaining": -1, "stage": "script", "status": "running"}
  [poll 1] status=running stage=image_poll detail=正在绘制整页漫画…
  [poll 2] status=running stage=image_poll detail=正在绘制整页漫画…
  [poll 3] status=running stage=image_poll detail=正在绘制整页漫画…
  [poll 4] status=running stage=image_poll detail=正在绘制整页漫画…
  [poll 5] status=running stage=archive detail=绘制完成，正在归档…
  [poll 6] status=done stage=done detail=生成完成
DONE #61 乞儿用星屑煮粥，味苦却能饱腹一夜。富户嘲 https://comic-static.43music.vip/comics/oCnJ43R9f4b-QlFXR3Jo_HOU2xM0/j181503uxk1
===== #62/100 白帽浪 submit =====
submit: {"jobId": "j181546lvv6ko40", "quotaRemaining": -1, "stage": "script", "status": "running"}
  [poll 1] status=running stage=image_poll detail=正在绘制整页漫画…
  [poll 2] status=running stage=image_poll detail=正在绘制整页漫画…
  [poll 3] status=running stage=image_poll detail=正在绘制整页漫画…
  [poll 4] status=running stage=image_poll detail=正在绘制整页漫画…
  [poll 5] status=running stage=archive detail=绘制完成，正在归档…
  [poll 6] status=done stage=done detail=生成完成
DONE #62 白帽浪专掀恶船。海盗洗白做商后浪仍追。他 https://comic-static.43music.vip/comics/oCnJ43R9f4b-QlFXR3Jo_HOU2xM0/j181546lvv6
===== #63/100 泥菩萨 submit =====
submit: {"jobId": "j1816291bh3kue6", "quotaRemaining": -1, "stage": "script", "status": "running"}
  [poll 1] status=running stage=image_poll detail=正在绘制整页漫画…
  [poll 2] status=running stage=image_poll detail=正在绘制整页漫画…
  [poll 3] status=running stage=image_poll detail=正在绘制整页漫画…
  [poll 4] status=running stage=image_poll detail=正在绘制整页漫画…
  [poll 5] status=running stage=image_poll detail=正在绘制整页漫画…
  [poll 6] status=running stage=archive detail=绘制完成，正在归档…
  [poll 7] status=done stage=done detail=生成完成
DONE #63 码头泥菩萨被雨泡塌，香火断绝。脚夫用货箱 https://comic-static.43music.vip/comics/oCnJ43R9f4b-QlFXR3Jo_HOU2xM0/j1816291bh3
===== #64/100 追日靴 submit =====
submit: {"jobId": "j181720xhwpw341", "quotaRemaining": -1, "stage": "script", "status": "running"}
  [poll 1] status=running stage=image_poll detail=正在绘制整页漫画…
  [poll 2] status=running stage=image_poll detail=正在绘制整页漫画…
  [poll 3] status=running stage=image_poll detail=正在绘制整页漫画…
  [poll 4] status=running stage=image_poll detail=正在绘制整页漫画…
  [poll 5] status=running stage=image_poll detail=正在绘制整页漫画…
  [poll 6] status=done stage=done detail=生成完成
DONE #64 追日靴能多跑一个时辰。信使把靴子让给送药 https://comic-static.43music.vip/comics/oCnJ43R9f4b-QlFXR3Jo_HOU2xM0/j181720xhwp
===== #65/100 棚户星 submit =====
submit: {"jobId": "j181803aefhiaxe", "quotaRemaining": -1, "stage": "script", "status": "running"}
  [poll 1] status=running stage=image_poll detail=正在绘制整页漫画…
  [poll 2] status=running stage=image_poll detail=正在绘制整页漫画…
  [poll 3] status=running stage=image_poll detail=正在绘制整页漫画…
  [poll 4] status=running stage=image_poll detail=正在绘制整页漫画…
  [poll 5] status=running stage=image_poll detail=正在绘制整页漫画…
  [poll 6] status=done stage=done detail=生成完成
DONE #65 贫民棚顶开出小小星花，摘下可换一夜安眠。 https://comic-static.43music.vip/comics/oCnJ43R9f4b-QlFXR3Jo_HOU2xM0/j181803aefh
===== #66/100 裂帛咒 submit =====
submit: {"jobId": "j1818450whgjchw", "quotaRemaining": -1, "stage": "script", "status": "running"}
  [poll 1] status=running stage=image_poll detail=正在绘制整页漫画…
  [poll 2] status=running stage=image_poll detail=正在绘制整页漫画…
  [poll 3] status=running stage=image_poll detail=正在绘制整页漫画…
  [poll 4] status=running stage=image_poll detail=正在绘制整页漫画…
  [poll 5] status=running stage=image_poll detail=正在绘制整页漫画…
  [poll 6] status=done stage=done detail=生成完成
DONE #66 裂帛咒专破誓约之衣。负心人衣在婚礼上自裂 https://comic-static.43music.vip/comics/oCnJ43R9f4b-QlFXR3Jo_HOU2xM0/j1818450whg
===== #67/100 蟹将军 submit =====
submit: {"jobId": "j181928yzz43lrn", "quotaRemaining": -1, "stage": "script", "status": "running"}
  [poll 1] status=running stage=image_poll detail=正在绘制整页漫画…
  [poll 2] status=running stage=image_poll detail=正在绘制整页漫画…
  [poll 3] status=running stage=image_poll detail=正在绘制整页漫画…
  [poll 4] status=running stage=image_poll detail=正在绘制整页漫画…
  [poll 5] status=running stage=image_poll detail=正在绘制整页漫画…
  [poll 6] status=running stage=image_poll detail=正在绘制整页漫画…
  [poll 7] status=running stage=image_poll detail=正在绘制整页漫画…
  [poll 8] status=running stage=image_poll detail=正在绘制整页漫画…
  [poll 9] status=running stage=image_poll detail=正在绘制整页漫画…
  [poll 10] status=running stage=image_poll detail=正在绘制整页漫画…
  [poll 11] status=running stage=image_poll detail=正在绘制整页漫画…
  [poll 12] status=running stage=image_poll detail=正在绘制整页漫画…
  [poll 13] status=running stage=image_poll detail=正在绘制整页漫画…
  [poll 14] status=running stage=image_poll detail=正在绘制整页漫画…
  [poll 15] status=running stage=image_poll detail=正在绘制整页漫画…
  [poll 16] status=running stage=image_poll detail=正在绘制整页漫画…
  [poll 17] status=running stage=image_poll detail=正在绘制整页漫画…
  [poll 18] status=running stage=image_poll detail=正在绘制整页漫画…
  [poll 19] status=running stage=image_poll detail=正在绘制整页漫画…
  [poll 20] status=running stage=image_poll detail=正在绘制整页漫画…
  [poll 21] status=running stage=image_poll detail=正在绘制整页漫画…
  [poll 22] status=running stage=image_poll detail=正在绘制整页漫画…
  [poll 23] status=running stage=image_poll detail=正在绘制整页漫画…
  [poll 24] status=running stage=image_poll detail=正在绘制整页漫画…
  [poll 25] status=running stage=image_poll detail=正在绘制整页漫画…
  [poll 26] status=done stage=done detail=生成完成
DONE #67 蟹将军带领蟹群护堤。孩童偷蟹被钳住不伤。 https://comic-static.43music.vip/comics/oCnJ43R9f4b-QlFXR3Jo_HOU2xM0/j181928yzz4
===== #68/100 芦花甲 submit =====
submit: {"jobId": "j1822541fjp2bu0", "quotaRemaining": -1, "stage": "script", "status": "running"}
  [poll 1] status=running stage=image_poll detail=正在绘制整页漫画…
  [poll 2] status=running stage=image_poll detail=正在绘制整页漫画…
  [poll 3] status=running stage=image_poll detail=正在绘制整页漫画…
  [poll 4] status=running stage=image_poll detail=正在绘制整页漫画…
  [poll 5] status=running stage=image_poll detail=正在绘制整页漫画…
  [poll 6] status=running stage=archive detail=绘制完成，正在归档…
  [poll 7] status=done stage=done detail=生成完成
DONE #68 芦花织成的软甲能挡流言不能挡刃。言官被围 https://comic-static.43music.vip/comics/oCnJ43R9f4b-QlFXR3Jo_HOU2xM0/j1822541fjp
===== #69/100 回音井 submit =====
submit: {"jobId": "j18234581hqr2of", "quotaRemaining": -1, "stage": "script", "status": "running"}
  [poll 1] status=running stage=image_poll detail=正在绘制整页漫画…
  [poll 2] status=running stage=image_poll detail=正在绘制整页漫画…
  [poll 3] status=running stage=image_poll detail=正在绘制整页漫画…
  [poll 4] status=running stage=image_poll detail=正在绘制整页漫画…
  [poll 5] status=running stage=image_poll detail=正在绘制整页漫画…
  [poll 6] status=done stage=done detail=生成完成
DONE #69 回音井只重复真心话。讼棍练习假话失败，气 https://comic-static.43music.vip/comics/oCnJ43R9f4b-QlFXR3Jo_HOU2xM0/j18234581hq
===== #70/100 纸马驿 submit =====
submit: {"jobId": "j182428w18pjh1p", "quotaRemaining": -1, "stage": "script", "status": "running"}
  [poll 1] status=running stage=image_poll detail=正在绘制整页漫画…
  [poll 2] status=running stage=image_poll detail=正在绘制整页漫画…
  [poll 3] status=running stage=image_poll detail=正在绘制整页漫画…
  [poll 4] status=running stage=image_poll detail=正在绘制整页漫画…
  [poll 5] status=running stage=image_poll detail=正在绘制整页漫画…
  [poll 6] status=done stage=done detail=生成完成
DONE #70 纸马驿的纸马可跑一夜。书生烧掉纸马取暖救 https://comic-static.43music.vip/comics/oCnJ43R9f4b-QlFXR3Jo_HOU2xM0/j182428w18p
=== progress ok=70 fail=0 skip=0 processed=70 ===
===== #71/100 海落梅 submit =====
submit: {"jobId": "j1825100ztnj3gn", "quotaRemaining": -1, "stage": "script", "status": "running"}
  [poll 1] status=running stage=image_poll detail=正在绘制整页漫画…
  [poll 2] status=running stage=image_poll detail=正在绘制整页漫画…
  [poll 3] status=running stage=image_poll detail=正在绘制整页漫画…
  [poll 4] status=running stage=image_poll detail=正在绘制整页漫画…
  [poll 5] status=running stage=image_poll detail=正在绘制整页漫画…
  [poll 6] status=running stage=archive detail=绘制完成，正在归档…
  [poll 7] status=done stage=done detail=生成完成
DONE #71 海边忽然落梅，梅瓣可止血。军阵抢梅，百姓 https://comic-static.43music.vip/comics/oCnJ43R9f4b-QlFXR3Jo_HOU2xM0/j1825100ztn
===== #72/100 钟摆心 submit =====
submit: {"jobId": "j182601l3vjf1fp", "quotaRemaining": -1, "stage": "script", "status": "running"}
  [poll 1] status=running stage=image_poll detail=正在绘制整页漫画…
  [poll 2] status=running stage=image_poll detail=正在绘制整页漫画…
  [poll 3] status=running stage=image_poll detail=正在绘制整页漫画…
  [poll 4] status=running stage=image_poll detail=正在绘制整页漫画…
  [poll 5] status=running stage=image_poll detail=正在绘制整页漫画…
  [poll 6] status=done stage=done detail=生成完成
DONE #72 钟摆心使人情绪来回摆。友人按住他的胸口说 https://comic-static.43music.vip/comics/oCnJ43R9f4b-QlFXR3Jo_HOU2xM0/j182601l3vj
===== #73/100 盲灯人 submit =====
submit: {"jobId": "j182644gr473ayz", "quotaRemaining": -1, "stage": "script", "status": "running"}
  [poll 1] status=running stage=image_poll detail=正在绘制整页漫画…
  [poll 2] status=running stage=image_poll detail=正在绘制整页漫画…
  [poll 3] status=running stage=image_poll detail=正在绘制整页漫画…
  [poll 4] status=running stage=image_poll detail=正在绘制整页漫画…
  [poll 5] status=running stage=image_poll detail=正在绘制整页漫画…
  [poll 6] status=running stage=archive detail=绘制完成，正在归档…
  [poll 7] status=done stage=done detail=生成完成
DONE #73 盲人做点灯工，靠触温辨油量。有人恶作剧换 https://comic-static.43music.vip/comics/oCnJ43R9f4b-QlFXR3Jo_HOU2xM0/j182644gr47
===== #74/100 跳蚤市 submit =====
submit: {"jobId": "j182735qw38cgz6", "quotaRemaining": -1, "stage": "script", "status": "running"}
  [poll 1] status=running stage=image_poll detail=正在绘制整页漫画…
  [poll 2] status=running stage=image_poll detail=正在绘制整页漫画…
  [poll 3] status=running stage=image_poll detail=正在绘制整页漫画…
  [poll 4] status=running stage=image_poll detail=正在绘制整页漫画…
  [poll 5] status=running stage=image_poll detail=正在绘制整页漫画…
  [poll 6] status=done stage=done detail=生成完成
DONE #74 跳蚤市卖「用过的运气」。女孩买「一次勇气 https://comic-static.43music.vip/comics/oCnJ43R9f4b-QlFXR3Jo_HOU2xM0/j182735qw38
===== #75/100 沙漏雨 submit =====
submit: {"jobId": "j182818z6ksgf77", "quotaRemaining": -1, "stage": "script", "status": "running"}
  [poll 1] status=running stage=image_poll detail=正在绘制整页漫画…
  [poll 2] status=running stage=image_poll detail=正在绘制整页漫画…
  [poll 3] status=running stage=image_poll detail=正在绘制整页漫画…
  [poll 4] status=running stage=image_poll detail=正在绘制整页漫画…
  [poll 5] status=running stage=archive detail=绘制完成，正在归档…
  [poll 6] status=done stage=done detail=生成完成
DONE #75 沙漏雨从上头村子漏到下头，时间流速不同。 https://comic-static.43music.vip/comics/oCnJ43R9f4b-QlFXR3Jo_HOU2xM0/j182818z6ks
===== #76/100 旧帆魂 submit =====
submit: {"jobId": "j1829010lu1k0u5", "quotaRemaining": -1, "stage": "script", "status": "running"}
  [poll 1] status=running stage=image_poll detail=正在绘制整页漫画…
  [poll 2] status=running stage=image_poll detail=正在绘制整页漫画…
  [poll 3] status=running stage=image_poll detail=正在绘制整页漫画…
  [poll 4] status=running stage=image_poll detail=正在绘制整页漫画…
  [poll 5] status=running stage=image_poll detail=正在绘制整页漫画…
  [poll 6] status=done stage=done detail=生成完成
DONE #76 旧帆有前船主的执念。新船主想撕掉，帆自己 https://comic-static.43music.vip/comics/oCnJ43R9f4b-QlFXR3Jo_HOU2xM0/j1829010lu1
===== #77/100 草环约 submit =====
submit: {"jobId": "j182944i8l7rlcm", "quotaRemaining": -1, "stage": "script", "status": "running"}
  [poll 1] status=running stage=image_poll detail=正在绘制整页漫画…
  [poll 2] status=running stage=image_poll detail=正在绘制整页漫画…
  [poll 3] status=running stage=image_poll detail=正在绘制整页漫画…
  [poll 4] status=running stage=image_poll detail=正在绘制整页漫画…
  [poll 5] status=running stage=image_poll detail=正在绘制整页漫画…
  [poll 6] status=done stage=archive detail=绘制完成，正在归档…
DONE #77 孩子用草环约定长大同游碎星海。一人成贵人 https://dashscope-7c2c.oss-accelerate.aliyuncs.com/1d/f6/20260714/d689c36f/faca2
===== #78/100 黑潮引 submit =====
submit: {"jobId": "j183028m24nrtz9", "quotaRemaining": -1, "stage": "script", "status": "running"}
  [poll 1] status=running stage=image_poll detail=正在绘制整页漫画…
  [poll 2] status=running stage=image_poll detail=正在绘制整页漫画…
  [poll 3] status=running stage=image_poll detail=正在绘制整页漫画…
  [poll 4] status=running stage=image_poll detail=正在绘制整页漫画…
  [poll 5] status=running stage=image_poll detail=正在绘制整页漫画…
  [poll 6] status=done stage=done detail=生成完成
DONE #78 黑潮引路人入迷魂。老向导反向走，把迷者带 https://comic-static.43music.vip/comics/oCnJ43R9f4b-QlFXR3Jo_HOU2xM0/j183028m24n
===== #79/100 豆灯笼 submit =====
submit: {"jobId": "j183110po1ihs2m", "quotaRemaining": -1, "stage": "script", "status": "running"}
  [poll 1] status=running stage=image_poll detail=正在绘制整页漫画…
  [poll 2] status=running stage=image_poll detail=正在绘制整页漫画…
  [poll 3] status=running stage=image_poll detail=正在绘制整页漫画…
  [poll 4] status=running stage=image_poll detail=正在绘制整页漫画…
  [poll 5] status=running stage=image_poll detail=正在绘制整页漫画…
  [poll 6] status=done stage=done detail=生成完成
DONE #79 豆粒做成的灯笼只亮三尺，却够夜读。富家千 https://comic-static.43music.vip/comics/oCnJ43R9f4b-QlFXR3Jo_HOU2xM0/j183110po1i
===== #80/100 衔泥燕 submit =====
submit: {"jobId": "j1831532x96kacf", "quotaRemaining": -1, "stage": "script", "status": "running"}
  [poll 1] status=running stage=image_poll detail=正在绘制整页漫画…
  [poll 2] status=running stage=image_poll detail=正在绘制整页漫画…
  [poll 3] status=running stage=image_poll detail=正在绘制整页漫画…
  [poll 4] status=running stage=image_poll detail=正在绘制整页漫画…
  [poll 5] status=running stage=archive detail=绘制完成，正在归档…
  [poll 6] status=done stage=done detail=生成完成
DONE #80 燕子衔泥修桥缝。匠人起初赶鸟，后来留缝给 https://comic-static.43music.vip/comics/oCnJ43R9f4b-QlFXR3Jo_HOU2xM0/j1831532x96
=== progress ok=80 fail=0 skip=0 processed=80 ===
===== #81/100 半面妆 submit =====
submit: {"jobId": "j1832362bpi7l55", "quotaRemaining": -1, "stage": "script", "status": "running"}
  [poll 1] status=running stage=image_poll detail=正在绘制整页漫画…
  [poll 2] status=running stage=image_poll detail=正在绘制整页漫画…
  [poll 3] status=running stage=image_poll detail=正在绘制整页漫画…
  [poll 4] status=running stage=image_poll detail=正在绘制整页漫画…
  [poll 5] status=running stage=image_poll detail=正在绘制整页漫画…
  [poll 6] status=done stage=done detail=生成完成
DONE #81 狐妖半面妆骗人，遇知她来历仍愿同行的少年 https://comic-static.43music.vip/comics/oCnJ43R9f4b-QlFXR3Jo_HOU2xM0/j1832362bpi
===== #82/100 雪债 submit =====
submit: {"jobId": "j183319vnwz3ci6", "quotaRemaining": -1, "stage": "script", "status": "running"}
  [poll 1] status=running stage=image_poll detail=正在绘制整页漫画…
  [poll 2] status=running stage=image_poll detail=正在绘制整页漫画…
  [poll 3] status=running stage=image_poll detail=正在绘制整页漫画…
=== start series=碎星海仙侠志 episodes=100 ===
SKIP #1 潮生剑 already done
SKIP #2 灯鱼渡 already done
SKIP #3 石约 already done
SKIP #4 鹤不归 already done
SKIP #5 雨市换骨 already done
SKIP #6 潮灯寨 already done
SKIP #7 盐骨渡 already done
SKIP #8 星汐债 already done
SKIP #9 雾港刀 already done
SKIP #10 海祠狸 already done
SKIP #11 折帆夜 already done
SKIP #12 礁心琴 already done
SKIP #13 悬衡雨 already done
SKIP #14 赤烬契 already done
SKIP #15 采星人 already done
SKIP #16 潮音寺 already done
SKIP #17 沉香舟 already done
SKIP #18 碑下猫 already done
SKIP #19 墨潮卷 already done
SKIP #20 梭鱼信 already done
SKIP #21 晒盐女 already done
SKIP #22 夜渔火 already done
SKIP #23 龟背路 already done
SKIP #24 风铎阵 already done
SKIP #25 雪荼瓶 already done
SKIP #26 竹筏咒 already done
SKIP #27 影修袖 already done
SKIP #28 苔灯桥 already done
SKIP #29 霜牙谷 already done
SKIP #30 船钉谣 already done
SKIP #31 月蚀杯 already done
SKIP #32 茧海丝 already done
SKIP #33 镜潮馆 already done
SKIP #34 粮舟祭 already done
SKIP #35 砂漏心 already done
SKIP #36 羽贼 already done
SKIP #37 井龙歇 already done
SKIP #38 哭灯塔 already done
SKIP #39 贝壳讼 already done
SKIP #40 赤绳渡 already done
SKIP #41 炭笔仙 already done
SKIP #42 听潮蜗 already done
SKIP #43 秤海人 already done
SKIP #44 忘川匙 already done
SKIP #45 浪里衙 already done
SKIP #46 青花罩 already done
SKIP #47 寄居蟹 already done
SKIP #48 晒月光 already done
SKIP #49 绳梯崖 already done
SKIP #50 雾笛 already done
SKIP #51 偷年贼 already done
SKIP #52 铁线莲 already done
SKIP #53 哑鼓 already done
SKIP #54 退潮书 already done
SKIP #55 骨笛阵 already done
SKIP #56 青萍舟 already done
SKIP #57 锁魂灯 already done
SKIP #58 藤桥誓 already done
SKIP #59 冰蚕被 already done
SKIP #60 渔火讼 already done
SKIP #61 星屑粥 already done
SKIP #62 白帽浪 already done
SKIP #63 泥菩萨 already done
SKIP #64 追日靴 already done
SKIP #65 棚户星 already done
SKIP #66 裂帛咒 already done
SKIP #67 蟹将军 already done
SKIP #68 芦花甲 already done
SKIP #69 回音井 already done
SKIP #70 纸马驿 already done
SKIP #71 海落梅 already done
SKIP #72 钟摆心 already done
SKIP #73 盲灯人 already done
SKIP #74 跳蚤市 already done
SKIP #75 沙漏雨 already done
SKIP #76 旧帆魂 already done
SKIP #77 草环约 already done
SKIP #78 黑潮引 already done
SKIP #79 豆灯笼 already done
SKIP #80 衔泥燕 already done
SKIP #81 半面妆 already done
===== #82/100 雪债 submit =====
submit: {"jobId": "j1834429ycbcchj", "quotaRemaining": -1, "stage": "script", "status": "running"}
  [poll 1] status=running stage=image_poll detail=正在绘制整页漫画…
  [poll 2] status=running stage=image_poll detail=正在绘制整页漫画…
  [poll 3] status=running stage=image_poll detail=正在绘制整页漫画…
  [poll 4] status=running stage=image_poll detail=正在绘制整页漫画…
  [poll 5] status=running stage=image_poll detail=正在绘制整页漫画…
  [poll 6] status=done stage=done detail=生成完成
DONE #82 去年借邻居一筐炭，今年以一筐雪相还作玩笑 https://comic-static.43music.vip/comics/oCnJ43R9f4b-QlFXR3Jo_HOU2xM0/j1834429ycb
===== #83/100 路牌精 submit =====
submit: {"jobId": "j183524tt1a4bp7", "quotaRemaining": -1, "stage": "script", "status": "running"}
  [poll 1] status=running stage=image_poll detail=正在绘制整页漫画…
  [poll 2] status=running stage=image_poll detail=正在绘制整页漫画…
  [poll 3] status=running stage=image_poll detail=正在绘制整页漫画…
  [poll 4] status=running stage=image_poll detail=正在绘制整页漫画…
  [poll 5] status=running stage=image_poll detail=正在绘制整页漫画…
  [poll 6] status=done stage=done detail=生成完成
DONE #83 路牌成精乱指路，被拆。小个子路牌精哭着说 https://comic-static.43music.vip/comics/oCnJ43R9f4b-QlFXR3Jo_HOU2xM0/j183524tt1a
===== #84/100 锅巴阵 submit =====
submit: {"jobId": "j1836078oaw8w4s", "quotaRemaining": -1, "stage": "script", "status": "running"}
  [poll 1] status=running stage=image_poll detail=正在绘制整页漫画…
  [poll 2] status=running stage=image_poll detail=正在绘制整页漫画…
  [poll 3] status=running stage=image_poll detail=正在绘制整页漫画…
  [poll 4] status=running stage=image_poll detail=正在绘制整页漫画…
  [poll 5] status=running stage=image_poll detail=正在绘制整页漫画…
  [poll 6] status=done stage=done detail=生成完成
DONE #84 锅巴阵用焦香诱敌。逃亡者抛锅巴引开追踪犬 https://comic-static.43music.vip/comics/oCnJ43R9f4b-QlFXR3Jo_HOU2xM0/j1836078oaw
===== #85/100 静口罩 submit =====
submit: {"jobId": "j183651pv4ln6ar", "quotaRemaining": -1, "stage": "script", "status": "running"}
  [poll 1] status=running stage=image_poll detail=正在绘制整页漫画…
  [poll 2] status=running stage=image_poll detail=正在绘制整页漫画…
  [poll 3] status=running stage=image_poll detail=正在绘制整页漫画…
  [poll 4] status=running stage=image_poll detail=正在绘制整页漫画…
  [poll 5] status=running stage=image_poll detail=正在绘制整页漫画…
  [poll 6] status=done stage=done detail=生成完成
DONE #85 静口罩让人说不出谎，也说不出安慰。医者改 https://comic-static.43music.vip/comics/oCnJ43R9f4b-QlFXR3Jo_HOU2xM0/j183651pv4l
===== #86/100 冬汛桥 submit =====
submit: {"jobId": "j183733omen6065", "quotaRemaining": -1, "stage": "script", "status": "running"}
  [poll 1] status=running stage=image_poll detail=正在绘制整页漫画…
  [poll 2] status=running stage=image_poll detail=正在绘制整页漫画…
  [poll 3] status=running stage=image_poll detail=正在绘制整页漫画…
  [poll 4] status=running stage=image_poll detail=正在绘制整页漫画…
  [poll 5] status=running stage=archive detail=绘制完成，正在归档…
  [poll 6] status=done stage=done detail=生成完成
DONE #86 冬汛冲桥，工匠跳入水中做人柱撑木。得救后 https://comic-static.43music.vip/comics/oCnJ43R9f4b-QlFXR3Jo_HOU2xM0/j183733omen
===== #87/100 蜜蜡信 submit =====
submit: {"jobId": "j183817sgxuc5lt", "quotaRemaining": -1, "stage": "script", "status": "running"}
  [poll 1] status=running stage=image_poll detail=正在绘制整页漫画…
  [poll 2] status=running stage=image_poll detail=正在绘制整页漫画…
  [poll 3] status=running stage=image_poll detail=正在绘制整页漫画…
  [poll 4] status=running stage=image_poll detail=正在绘制整页漫画…
  [poll 5] status=running stage=image_poll detail=正在绘制整页漫画…
  [poll 6] status=done stage=done detail=生成完成
DONE #87 蜜蜡封的海信被晒化，字糊了。送信人凭记忆 https://comic-static.43music.vip/comics/oCnJ43R9f4b-QlFXR3Jo_HOU2xM0/j183817sgxu
===== #88/100 蒲公英 submit =====
submit: {"jobId": "j183859j3wf980y", "quotaRemaining": -1, "stage": "script", "status": "running"}
  [poll 1] status=running stage=image_poll detail=正在绘制整页漫画…
  [poll 2] status=running stage=image_poll detail=正在绘制整页漫画…
  [poll 3] status=running stage=image_poll detail=正在绘制整页漫画…
  [poll 4] status=running stage=image_poll detail=正在绘制整页漫画…
  [poll 5] status=running stage=image_poll detail=正在绘制整页漫画…
  [poll 6] status=done stage=done detail=生成完成
DONE #88 蒲公英修把心愿乘风送走。他自己的心愿是「 https://comic-static.43music.vip/comics/oCnJ43R9f4b-QlFXR3Jo_HOU2xM0/j183859j3wf
===== #89/100 锁潮闸 submit =====
submit: {"jobId": "j183942b0pd7fus", "quotaRemaining": -1, "stage": "script", "status": "running"}
  [poll 1] status=running stage=image_poll detail=正在绘制整页漫画…
  [poll 2] status=running stage=image_poll detail=正在绘制整页漫画…
  [poll 3] status=running stage=image_poll detail=正在绘制整页漫画…
  [poll 4] status=running stage=image_poll detail=正在绘制整页漫画…
  [poll 5] status=running stage=image_poll detail=正在绘制整页漫画…
  [poll 6] status=done stage=done detail=生成完成
DONE #89 锁潮闸年久，管理员私自卖零件。涨潮夜他潜 https://comic-static.43music.vip/comics/oCnJ43R9f4b-QlFXR3Jo_HOU2xM0/j183942b0pd
===== #90/100 白纸伞 submit =====
submit: {"jobId": "j1840251f0kblon", "quotaRemaining": -1, "stage": "script", "status": "running"}
  [poll 1] status=running stage=image_poll detail=正在绘制整页漫画…
  [poll 2] status=running stage=image_poll detail=正在绘制整页漫画…
  [poll 3] status=running stage=image_poll detail=正在绘制整页漫画…
  [poll 4] status=running stage=image_poll detail=正在绘制整页漫画…
  [poll 5] status=running stage=image_poll detail=正在绘制整页漫画…
  [poll 6] status=done stage=done detail=生成完成
DONE #90 白纸伞映出示弱者的护身光。恶棍抢伞，光不 https://comic-static.43music.vip/comics/oCnJ43R9f4b-QlFXR3Jo_HOU2xM0/j1840251f0k
===== #91/100 秤砣梦 submit =====
submit: {"jobId": "j184107wag3loo5", "quotaRemaining": -1, "stage": "script", "status": "running"}
  [poll 1] status=running stage=image_poll detail=正在绘制整页漫画…
  [poll 2] status=running stage=image_poll detail=正在绘制整页漫画…
  [poll 3] status=running stage=image_poll detail=正在绘制整页漫画…
  [poll 4] status=running stage=image_poll detail=正在绘制整页漫画…
  [poll 5] status=running stage=image_poll detail=正在绘制整页漫画…
  [poll 6] status=running stage=image_poll detail=正在绘制整页漫画…
  [poll 7] status=running stage=image_poll detail=正在绘制整页漫画…
  [poll 8] status=running stage=image_poll detail=正在绘制整页漫画…
  [poll 9] status=running stage=image_poll detail=正在绘制整页漫画…
  [poll 10] status=running stage=image_poll detail=正在绘制整页漫画…
  [poll 11] status=running stage=image_poll detail=正在绘制整页漫画…
  [poll 12] status=running stage=image_poll detail=正在绘制整页漫画…
  [poll 13] status=running stage=image_poll detail=正在绘制整页漫画…
  [poll 14] status=running stage=image_poll detail=正在绘制整页漫画…
  [poll 15] status=running stage=image_poll detail=正在绘制整页漫画…
  [poll 16] status=done stage=done detail=生成完成
DONE #91 商人梦见秤砣成精来讨公平。醒来他把秤送官 https://comic-static.43music.vip/comics/oCnJ43R9f4b-QlFXR3Jo_HOU2xM0/j184107wag3
=== progress ok=10 fail=0 skip=81 processed=10 ===
===== #92/100 潮间寺 submit =====
submit: {"jobId": "j184313ni4rird4", "quotaRemaining": -1, "stage": "script", "status": "running"}
  [poll 1] status=running stage=image_poll detail=正在绘制整页漫画…
  [poll 2] status=running stage=image_poll detail=正在绘制整页漫画…
  [poll 3] status=running stage=image_poll detail=正在绘制整页漫画…
  [poll 4] status=running stage=image_poll detail=正在绘制整页漫画…
  [poll 5] status=running stage=image_poll detail=正在绘制整页漫画…
  [poll 6] status=running stage=image_poll detail=正在绘制整页漫画…
  [poll 7] status=running stage=image_poll detail=正在绘制整页漫画…
  [poll 8] status=running stage=archive detail=绘制完成，正在归档…
  [poll 9] status=done stage=done detail=生成完成
DONE #92 潮间寺只在退潮出现。信徒匆忙许愿，潮涨寺 https://comic-static.43music.vip/comics/oCnJ43R9f4b-QlFXR3Jo_HOU2xM0/j184313ni4r
===== #93/100 鱼税 submit =====
submit: {"jobId": "j184421aiwuei0v", "quotaRemaining": -1, "stage": "script", "status": "running"}
  [poll 1] status=running stage=image_poll detail=正在绘制整页漫画…
  [poll 2] status=running stage=image_poll detail=正在绘制整页漫画…
  [poll 3] status=running stage=image_poll detail=正在绘制整页漫画…
  [poll 4] status=running stage=image_poll detail=正在绘制整页漫画…
  [poll 5] status=running stage=image_poll detail=正在绘制整页漫画…
  [poll 6] status=running stage=image_poll detail=正在绘制整页漫画…
  [poll 7] status=running stage=image_poll detail=正在绘制整页漫画…
  [poll 8] status=running stage=archive detail=绘制完成，正在归档…
  [poll 9] status=done stage=done detail=生成完成
DONE #93 官员抽鱼税苛刻。渔婆交一条会说话的鱼，鱼 https://comic-static.43music.vip/comics/oCnJ43R9f4b-QlFXR3Jo_HOU2xM0/j184421aiwu
===== #94/100 火折子 submit =====
submit: {"jobId": "j184528466hqyfw", "quotaRemaining": -1, "stage": "script", "status": "running"}
  [poll 1] status=running stage=image_poll detail=正在绘制整页漫画…
  [poll 2] status=running stage=image_poll detail=正在绘制整页漫画…
  [poll 3] status=running stage=image_poll detail=正在绘制整页漫画…
  [poll 4] status=running stage=image_poll detail=正在绘制整页漫画…
  [poll 5] status=running stage=image_poll detail=正在绘制整页漫画…
  [poll 6] status=done stage=done detail=生成完成
DONE #94 火折子只为救命亮。旅人屡次用它点烟失败。 https://comic-static.43music.vip/comics/oCnJ43R9f4b-QlFXR3Jo_HOU2xM0/j184528466h
===== #95/100 藤甲童 submit =====
submit: {"jobId": "j184612o04oqnas", "quotaRemaining": -1, "stage": "script", "status": "running"}
  [poll 1] status=running stage=image_poll detail=正在绘制整页漫画…
  [poll 2] status=running stage=image_poll detail=正在绘制整页漫画…
  [poll 3] status=running stage=image_poll detail=正在绘制整页漫画…
  [poll 4] status=running stage=image_poll detail=正在绘制整页漫画…
  [poll 5] status=running stage=image_poll detail=正在绘制整页漫画…
  [poll 6] status=done stage=done detail=生成完成
DONE #95 孩童披藤甲玩骑士，真挡住了落石。大人想买 https://comic-static.43music.vip/comics/oCnJ43R9f4b-QlFXR3Jo_HOU2xM0/j184612o04o
===== #96/100 返魂香 submit =====
submit: {"jobId": "j184655178o4cve", "quotaRemaining": -1, "stage": "script", "status": "running"}
  [poll 1] status=running stage=image_poll detail=正在绘制整页漫画…
  [poll 2] status=running stage=image_poll detail=正在绘制整页漫画…
  [poll 3] status=running stage=image_poll detail=正在绘制整页漫画…
  [poll 4] status=running stage=image_poll detail=正在绘制整页漫画…
  [poll 5] status=running stage=image_poll detail=正在绘制整页漫画…
  [poll 6] status=done stage=done detail=生成完成
DONE #96 返魂香极贵，富翁买来求亡妻一见。烟雾里亡 https://comic-static.43music.vip/comics/oCnJ43R9f4b-QlFXR3Jo_HOU2xM0/j184655178o
===== #97/100 北风旗 submit =====
submit: {"jobId": "j184738i9bajkxv", "quotaRemaining": -1, "stage": "script", "status": "running"}
  [poll 1] status=running stage=image_poll detail=正在绘制整页漫画…
  [poll 2] status=running stage=image_poll detail=正在绘制整页漫画…
  [poll 3] status=running stage=image_poll detail=正在绘制整页漫画…
  [poll 4] status=running stage=image_poll detail=正在绘制整页漫画…
  [poll 5] status=running stage=image_poll detail=正在绘制整页漫画…
  [poll 6] status=running stage=image_poll detail=正在绘制整页漫画…
  [poll 7] status=done stage=done detail=生成完成
DONE #97 北风旗指示安全航向，被商人涂改骗人。旗成 https://comic-static.43music.vip/comics/oCnJ43R9f4b-QlFXR3Jo_HOU2xM0/j184738i9ba
===== #98/100 卵石誓 submit =====
submit: {"jobId": "j184828ryttzpdd", "quotaRemaining": -1, "stage": "script", "status": "running"}
  [poll 1] status=running stage=image_poll detail=正在绘制整页漫画…
  [poll 2] status=running stage=image_poll detail=正在绘制整页漫画…
  [poll 3] status=running stage=image_poll detail=正在绘制整页漫画…
  [poll 4] status=running stage=image_poll detail=正在绘制整页漫画…
  [poll 5] status=running stage=image_poll detail=正在绘制整页漫画…
  [poll 6] status=done stage=done detail=生成完成
DONE #98 情侣各持半边卵石誓不相弃。战乱失散十年， https://comic-static.43music.vip/comics/oCnJ43R9f4b-QlFXR3Jo_HOU2xM0/j184828rytt
===== #99/100 最后一网 submit =====
submit: {"jobId": "j184911fxp3zkgi", "quotaRemaining": -1, "stage": "script", "status": "running"}
  [poll 1] status=running stage=image_poll detail=正在绘制整页漫画…
  [poll 2] status=running stage=image_poll detail=正在绘制整页漫画…
  [poll 3] status=running stage=image_poll detail=正在绘制整页漫画…
  [poll 4] status=running stage=image_poll detail=正在绘制整页漫画…
  [poll 5] status=running stage=image_poll detail=正在绘制整页漫画…
  [poll 6] status=done stage=done detail=生成完成
DONE #99 老渔把最后一网定为「放生网」，专捕伤鱼治 https://comic-static.43music.vip/comics/oCnJ43R9f4b-QlFXR3Jo_HOU2xM0/j184911fxp3
===== #100/100 碎星归 submit =====
submit: {"jobId": "j1849545h8ztfxa", "quotaRemaining": -1, "stage": "script", "status": "running"}
  [poll 1] status=running stage=image_poll detail=正在绘制整页漫画…
  [poll 2] status=running stage=image_poll detail=正在绘制整页漫画…
  [poll 3] status=running stage=image_poll detail=正在绘制整页漫画…
  [poll 4] status=running stage=image_poll detail=正在绘制整页漫画…
  [poll 5] status=running stage=image_poll detail=正在绘制整页漫画…
  [poll 6] status=done stage=done detail=生成完成
DONE #100 流浪修士走遍碎星海百岛，收集别人丢掉的执 https://comic-static.43music.vip/comics/oCnJ43R9f4b-QlFXR3Jo_HOU2xM0/j1849545h8z
ALL_FINISHED ok=19 fail=0 skip=81
